2025-11-11 21:57:35,884 - User 1309506590 - INVALID_CODE_FORMAT - 📤 Экспорт БД
2025-11-11 22:19:34,850 - User 1309506590 - INVALID_CODE_FORMAT - ✏️ Редагувати
2025-11-11 22:19:37,682 - User 1309506590 - INVALID_CODE_FORMAT - ✏️ Редагувати
2025-11-11 22:19:38,674 - User 1309506590 - INVALID_CODE_FORMAT - ✏️ Редагувати
2025-11-11 22:20:00,664 - User 1309506590 - INVALID_CODE_FORMAT - 👥 Список адмінів
2025-11-11 22:20:03,128 - User 1309506590 - INVALID_CODE_FORMAT - 👤 Додати адміна
2025-11-11 22:20:04,517 - User 1309506590 - INVALID_CODE_FORMAT - 👤 Додати адміна
2025-11-11 22:20:05,070 - User 1309506590 - INVALID_CODE_FORMAT - 👤 Додати адміна
2025-11-11 22:20:05,286 - User 1309506590 - INVALID_CODE_FORMAT - 👤 Додати адміна
2025-11-11 22:20:05,986 - User 1309506590 - INVALID_CODE_FORMAT - 👥 Список адмінів
2025-11-11 22:20:12,998 - User 1309506590 - INVALID_CODE_FORMAT - 🗑️ Видалити відео
2025-11-11 22:20:18,814 - User 1309506590 - INVALID_CODE_FORMAT - 👥 Список адмінів
2025-11-11 22:20:19,810 - User 1309506590 - INVALID_CODE_FORMAT - 👤 Додати адміна
2025-11-11 22:20:21,489 - User 1309506590 - INVALID_CODE_FORMAT - 📤 Експорт БД
2025-11-11 22:20:54,911 - Spam detected from user 7621414923: 👤 Моя подписка
2025-11-11 22:20:54,911 - User 7621414923 - SPAM_DETECTED - 👤 Моя подписка
2025-11-11 22:20:54,912 - User 7621414923 blocked for 3600 seconds
2025-11-11 22:21:34,448 - User 1309506590 - INVALID_CODE_FORMAT - 🗑️ Видалити відео
2025-11-11 22:21:45,709 - User 1309506590 - INVALID_CODE_FORMAT - 👥 Список адмінів
2025-11-11 22:21:46,999 - User 1309506590 - INVALID_CODE_FORMAT - 👤 Додати адміна
2025-11-11 22:21:53,844 - User 1309506590 - INVALID_CODE_FORMAT - ✏️ Редагувати
2025-11-11 22:27:03,451 - User 1309506590 - INVALID_CODE_FORMAT - 👤 Добавить админа
2025-11-11 22:27:05,379 - User 1309506590 - INVALID_CODE_FORMAT - ⭐ Видати преміум
2025-11-11 22:27:10,985 - User 1309506590 - INVALID_CODE_FORMAT - ✏️ Редактировать
2025-11-11 22:27:13,258 - User 1309506590 - INVALID_CODE_FORMAT - ⭐ Видати преміум
2025-11-11 22:40:59,463 - User 1309506590 - INVALID_CODE_FORMAT - 📊 Аналитика
2025-11-11 22:41:00,838 - User 1309506590 - INVALID_CODE_FORMAT - 📊 Аналитика
2025-11-11 22:41:01,043 - User 1309506590 - INVALID_CODE_FORMAT - 📊 Аналитика
2025-11-11 22:41:11,176 - User 1309506590 - INVALID_CODE_FORMAT - 🎫 Промокоды
2025-11-11 22:41:12,433 - User 1309506590 - INVALID_CODE_FORMAT - 🎫 Промокоды
2025-11-11 22:41:12,626 - User 1309506590 - INVALID_CODE_FORMAT - 🎫 Промокоды
2025-11-11 22:41:13,066 - User 1309506590 - INVALID_CODE_FORMAT - 🎫 Промокоды
2025-11-11 22:41:13,275 - User 1309506590 - INVALID_CODE_FORMAT - 🎫 Промокоды
2025-11-11 22:41:13,463 - Spam detected from user 1309506590: 🎫 Промокоды
2025-11-11 22:41:13,463 - User 1309506590 - SPAM_DETECTED - 🎫 Промокоды
2025-11-11 22:41:13,464 - User 1309506590 blocked for 3600 seconds
